aphidFlipViewLibrary/build/intermediates/manifest_merge_blame_file/release/manifest-merger-blame-release-report.txt
1<?xml version="1.0" encoding="utf-8"?>
2<manifest xmlns:android="http://schemas.android.com/apk/res/android"
3    xmlns:tools="http://schemas.android.com/tools"
4    package="com.openaphid.flip"
5    android:versionCode="1"
6    android:versionName="1.0" >
7
8    <uses-sdk
9        android:minSdkVersion="8"
9-->src/main/AndroidManifest.xml
10        android:targetSdkVersion="15" />
10-->src/main/AndroidManifest.xml
11
12    <application
12-->src/main/AndroidManifest.xml:7:5-12:19
13        android:icon="@drawable/ic_launcher"
13-->src/main/AndroidManifest.xml:8:9-45
14        android:label="@string/app_name"
14-->src/main/AndroidManifest.xml:7:18-50
15        android:theme="@style/AppTheme"
15-->src/main/AndroidManifest.xml:9:9-40
16        tools:replace="android:icon" >
16-->src/main/AndroidManifest.xml:10:9-37
17    </application>
18
19</manifest>